Using pre-set license
Built from '2020.3/staging' branch; Version is '2020.3.11f1 (99c7afb366b3) revision 10078127'; Using compiler version '192528614'; Build Type 'Release'
OS: 'Windows 10 Home Single Language; OS build 19044.1766; Version 2009; 64bit' Language: 'ru' Physical Memory: 8124 MB
BatchMode: 1, IsHumanControllingUs: 0, StartBugReporterOnCrash: 0, Is64bit: 1, IsPro: 0

 COMMAND LINE ARGUMENTS:
C:\Program Files\Unity\Hub\Editor\2020.3.11f1\Editor\Unity.exe
-adb2
-batchMode
-noUpm
-name
AssetImportWorker0
-projectPath
C:/Users/SavvaNew/Dimension Castle Alpha
-logFile
Logs/AssetImportWorker0.log
-srvPort
49884
Successfully changed project path to: C:/Users/SavvaNew/Dimension Castle Alpha
C:/Users/SavvaNew/Dimension Castle Alpha
Using Asset Import Pipeline V2.
Refreshing native plugins compatible for Editor in 81.45 ms, found 3 plugins.
Preloading 0 native plugins for Editor in 0.00 ms.
Initialize engine version: 2020.3.11f1 (99c7afb366b3)
[Subsystems] Discovering subsystems at path C:/Program Files/Unity/Hub/Editor/2020.3.11f1/Editor/Data/Resources/UnitySubsystems
[Subsystems] Discovering subsystems at path C:/Users/SavvaNew/Dimension Castle Alpha/Assets
GfxDevice: creating device client; threaded=0
Direct3D:
    Version:  Direct3D 11.0 [level 11.1]
    Renderer: NVIDIA GeForce GTX 1650 (ID=0x1f82)
    Vendor:   
    VRAM:     3962 MB
    Driver:   27.21.14.5671
Shader 'Universal Render Pipeline/Particles/Lit': fallback shader 'Universal Render Pipeline/Particles/SimpleLit' not found
Initialize mono
Mono path[0] = 'C:/Program Files/Unity/Hub/Editor/2020.3.11f1/Editor/Data/Managed'
Mono path[1] = 'C:/Program Files/Unity/Hub/Editor/2020.3.11f1/Editor/Data/MonoBleedingEdge/lib/mono/unityjit'
Mono config path = 'C:/Program Files/Unity/Hub/Editor/2020.3.11f1/Editor/Data/MonoBleedingEdge/etc'
Using monoOptions --debugger-agent=transport=dt_socket,embedding=1,server=y,suspend=n,address=127.0.0.1:56336
Begin MonoManager ReloadAssembly
Registering precompiled unity dll's ...
Register platform support module: C:/Program Files/Unity/Hub/Editor/2020.3.11f1/Editor/Data/PlaybackEngines/WindowsStandaloneSupport/UnityEditor.WindowsStandalone.Extensions.dll
Registered in 0.020087 seconds.
Native extension for WindowsStandalone target not found
Refreshing native plugins compatible for Editor in 62.21 ms, found 3 plugins.
Preloading 0 native plugins for Editor in 0.00 ms.
Mono: successfully reloaded assembly
- Completed reload, in  8.326 seconds
Platform modules already initialized, skipping
Registering precompiled user dll's ...
Registered in 0.018455 seconds.
Begin MonoManager ReloadAssembly
Native extension for WindowsStandalone target not found
Refreshing native plugins compatible for Editor in 63.55 ms, found 3 plugins.
Preloading 0 native plugins for Editor in 0.00 ms.
Mono: successfully reloaded assembly
- Completed reload, in  1.489 seconds
Platform modules already initialized, skipping
========================================================================
Worker process is ready to serve import requests
Shader 'Universal Render Pipeline/Particles/Lit': fallback shader 'Universal Render Pipeline/Particles/SimpleLit' not found
Launched and connected shader compiler UnityShaderCompiler.exe after 0.10 seconds
Refreshing native plugins compatible for Editor in 0.72 ms, found 3 plugins.
Preloading 0 native plugins for Editor in 0.00 ms.
Unloading 3543 Unused Serialized files (Serialized files now loaded: 0)
System memory in use before: 253.1 MB.
System memory in use after: 253.2 MB.

Unloading 33 unused Assets to reduce memory usage. Loaded Objects now: 4012.
Total: 3.315800 ms (FindLiveObjects: 0.394100 ms CreateObjectMapping: 0.194700 ms MarkObjects: 2.575100 ms  DeleteObjects: 0.150600 ms)

========================================================================
Received Import Request.
  path: Assets/Scenes/LevelsMenu.unity
  artifactKey: Guid(f8db346ece5664f45b9679fee208dea3) Importer(815301076,1909f56bfc062723c751e8b465ee728b)
Start importing Assets/Scenes/LevelsMenu.unity using Guid(f8db346ece5664f45b9679fee208dea3) Importer(815301076,1909f56bfc062723c751e8b465ee728b)  -> (artifact id: 'aee7487da4f6be741e9632a70b4890fd') in 0.022677 seconds
  Import took 0.028840 seconds .

========================================================================
Received Import Request.
  Time since last request: 38.654930 seconds.
  path: Assets/Scenes/MainMenu.unity
  artifactKey: Guid(753f7bd630cc67c4bbd97e318f93d3c0) Importer(815301076,1909f56bfc062723c751e8b465ee728b)
Start importing Assets/Scenes/MainMenu.unity using Guid(753f7bd630cc67c4bbd97e318f93d3c0) Importer(815301076,1909f56bfc062723c751e8b465ee728b)  -> (artifact id: 'b992631b59731d22207a17bcc2830f73') in 0.006279 seconds
  Import took 0.011932 seconds .

========================================================================
Received Import Request.
  Time since last request: 62.529530 seconds.
  path: Assets/Scenes/WorldsMenu.unity
  artifactKey: Guid(3e7f1ce36ea5571499db9ec640cca76e) Importer(815301076,1909f56bfc062723c751e8b465ee728b)
Start importing Assets/Scenes/WorldsMenu.unity using Guid(3e7f1ce36ea5571499db9ec640cca76e) Importer(815301076,1909f56bfc062723c751e8b465ee728b)  -> (artifact id: 'c1e14f6f7bea3e8f962d037faa046256') in 0.006632 seconds
  Import took 0.012247 seconds .

========================================================================
Received Prepare
Registering precompiled user dll's ...
Registered in 0.010605 seconds.
Begin MonoManager ReloadAssembly
Native extension for WindowsStandalone target not found
Refreshing native plugins compatible for Editor in 0.80 ms, found 3 plugins.
Preloading 0 native plugins for Editor in 0.00 ms.
Mono: successfully reloaded assembly
- Completed reload, in  1.376 seconds
Platform modules already initialized, skipping
Shader 'Universal Render Pipeline/Particles/Lit': fallback shader 'Universal Render Pipeline/Particles/SimpleLit' not found
Refreshing native plugins compatible for Editor in 1.23 ms, found 3 plugins.
Preloading 0 native plugins for Editor in 0.00 ms.
Unloading 3383 Unused Serialized files (Serialized files now loaded: 0)
System memory in use before: 241.2 MB.
System memory in use after: 241.3 MB.

Unloading 22 unused Assets to reduce memory usage. Loaded Objects now: 4016.
Total: 3.923000 ms (FindLiveObjects: 0.495900 ms CreateObjectMapping: 0.318500 ms MarkObjects: 2.960500 ms  DeleteObjects: 0.146800 ms)

========================================================================
Received Prepare
Registering precompiled user dll's ...
Registered in 0.052936 seconds.
Begin MonoManager ReloadAssembly
Native extension for WindowsStandalone target not found
Refreshing native plugins compatible for Editor in 0.78 ms, found 3 plugins.
Preloading 0 native plugins for Editor in 0.00 ms.
Mono: successfully reloaded assembly
- Completed reload, in  1.503 seconds
Platform modules already initialized, skipping
Shader 'Universal Render Pipeline/Particles/Lit': fallback shader 'Universal Render Pipeline/Particles/SimpleLit' not found
Refreshing native plugins compatible for Editor in 0.67 ms, found 3 plugins.
Preloading 0 native plugins for Editor in 0.00 ms.
Unloading 3383 Unused Serialized files (Serialized files now loaded: 0)
System memory in use before: 241.2 MB.
System memory in use after: 241.4 MB.

Unloading 22 unused Assets to reduce memory usage. Loaded Objects now: 4020.
Total: 2.765700 ms (FindLiveObjects: 0.317200 ms CreateObjectMapping: 0.164400 ms MarkObjects: 2.161100 ms  DeleteObjects: 0.121900 ms)

========================================================================
Received Prepare
Registering precompiled user dll's ...
Registered in 0.013133 seconds.
Begin MonoManager ReloadAssembly
Native extension for WindowsStandalone target not found
Refreshing native plugins compatible for Editor in 0.68 ms, found 3 plugins.
Preloading 0 native plugins for Editor in 0.00 ms.
Mono: successfully reloaded assembly
- Completed reload, in  1.437 seconds
Platform modules already initialized, skipping
Shader 'Universal Render Pipeline/Particles/Lit': fallback shader 'Universal Render Pipeline/Particles/SimpleLit' not found
Refreshing native plugins compatible for Editor in 0.79 ms, found 3 plugins.
Preloading 0 native plugins for Editor in 0.00 ms.
Unloading 3383 Unused Serialized files (Serialized files now loaded: 0)
System memory in use before: 241.3 MB.
System memory in use after: 241.4 MB.

Unloading 22 unused Assets to reduce memory usage. Loaded Objects now: 4024.
Total: 4.938800 ms (FindLiveObjects: 0.517000 ms CreateObjectMapping: 0.437700 ms MarkObjects: 3.834000 ms  DeleteObjects: 0.148600 ms)

========================================================================
Received Import Request.
  Time since last request: 413.402600 seconds.
  path: Assets/Scenes/TestScenes/TestScene.unity
  artifactKey: Guid(2cda990e2423bbf4892e6590ba056729) Importer(815301076,1909f56bfc062723c751e8b465ee728b)
Start importing Assets/Scenes/TestScenes/TestScene.unity using Guid(2cda990e2423bbf4892e6590ba056729) Importer(815301076,1909f56bfc062723c751e8b465ee728b)  -> (artifact id: '9bada12bca0b0db2160c3c3887a714bb') in 0.081844 seconds
  Import took 0.088803 seconds .

========================================================================
Received Prepare
Registering precompiled user dll's ...
Registered in 0.019688 seconds.
Begin MonoManager ReloadAssembly
Native extension for WindowsStandalone target not found
Refreshing native plugins compatible for Editor in 1.03 ms, found 3 plugins.
Preloading 0 native plugins for Editor in 0.00 ms.
Mono: successfully reloaded assembly
- Completed reload, in  1.749 seconds
Platform modules already initialized, skipping
Shader 'Universal Render Pipeline/Particles/Lit': fallback shader 'Universal Render Pipeline/Particles/SimpleLit' not found
Refreshing native plugins compatible for Editor in 2.41 ms, found 3 plugins.
Preloading 0 native plugins for Editor in 0.00 ms.
Unloading 3383 Unused Serialized files (Serialized files now loaded: 0)
System memory in use before: 241.3 MB.
System memory in use after: 241.4 MB.

Unloading 22 unused Assets to reduce memory usage. Loaded Objects now: 4028.
Total: 3.679800 ms (FindLiveObjects: 0.363000 ms CreateObjectMapping: 0.174600 ms MarkObjects: 2.801100 ms  DeleteObjects: 0.339400 ms)

========================================================================
Received Prepare
Registering precompiled user dll's ...
Registered in 0.010425 seconds.
Begin MonoManager ReloadAssembly
Native extension for WindowsStandalone target not found
Refreshing native plugins compatible for Editor in 0.67 ms, found 3 plugins.
Preloading 0 native plugins for Editor in 0.00 ms.
Mono: successfully reloaded assembly
- Completed reload, in  1.386 seconds
Platform modules already initialized, skipping
Shader 'Universal Render Pipeline/Particles/Lit': fallback shader 'Universal Render Pipeline/Particles/SimpleLit' not found
Refreshing native plugins compatible for Editor in 0.82 ms, found 3 plugins.
Preloading 0 native plugins for Editor in 0.00 ms.
Unloading 3383 Unused Serialized files (Serialized files now loaded: 0)
System memory in use before: 241.3 MB.
System memory in use after: 241.4 MB.

Unloading 22 unused Assets to reduce memory usage. Loaded Objects now: 4032.
Total: 4.055100 ms (FindLiveObjects: 0.431200 ms CreateObjectMapping: 0.297200 ms MarkObjects: 3.155700 ms  DeleteObjects: 0.168500 ms)

========================================================================
Received Prepare
Registering precompiled user dll's ...
Registered in 0.010186 seconds.
Begin MonoManager ReloadAssembly
Native extension for WindowsStandalone target not found
Refreshing native plugins compatible for Editor in 0.91 ms, found 3 plugins.
Preloading 0 native plugins for Editor in 0.00 ms.
Mono: successfully reloaded assembly
- Completed reload, in  1.371 seconds
Platform modules already initialized, skipping
Shader 'Universal Render Pipeline/Particles/Lit': fallback shader 'Universal Render Pipeline/Particles/SimpleLit' not found
Refreshing native plugins compatible for Editor in 0.67 ms, found 3 plugins.
Preloading 0 native plugins for Editor in 0.00 ms.
Unloading 3383 Unused Serialized files (Serialized files now loaded: 0)
System memory in use before: 241.3 MB.
System memory in use after: 241.5 MB.

Unloading 22 unused Assets to reduce memory usage. Loaded Objects now: 4036.
Total: 6.340000 ms (FindLiveObjects: 0.779700 ms CreateObjectMapping: 0.393100 ms MarkObjects: 4.862100 ms  DeleteObjects: 0.302200 ms)

========================================================================
Received Prepare
Registering precompiled user dll's ...
Registered in 0.009883 seconds.
Begin MonoManager ReloadAssembly
Native extension for WindowsStandalone target not found
Refreshing native plugins compatible for Editor in 0.71 ms, found 3 plugins.
Preloading 0 native plugins for Editor in 0.00 ms.
Mono: successfully reloaded assembly
- Completed reload, in  1.324 seconds
Platform modules already initialized, skipping
Shader 'Universal Render Pipeline/Particles/Lit': fallback shader 'Universal Render Pipeline/Particles/SimpleLit' not found
Refreshing native plugins compatible for Editor in 1.27 ms, found 3 plugins.
Preloading 0 native plugins for Editor in 0.00 ms.
Unloading 3383 Unused Serialized files (Serialized files now loaded: 0)
System memory in use before: 241.3 MB.
System memory in use after: 241.5 MB.

Unloading 22 unused Assets to reduce memory usage. Loaded Objects now: 4040.
Total: 3.220400 ms (FindLiveObjects: 0.346500 ms CreateObjectMapping: 0.191800 ms MarkObjects: 2.560600 ms  DeleteObjects: 0.120300 ms)

========================================================================
Received Prepare
Registering precompiled user dll's ...
Registered in 0.010451 seconds.
Begin MonoManager ReloadAssembly
Native extension for WindowsStandalone target not found
Refreshing native plugins compatible for Editor in 0.72 ms, found 3 plugins.
Preloading 0 native plugins for Editor in 0.00 ms.
Mono: successfully reloaded assembly
- Completed reload, in  1.295 seconds
Platform modules already initialized, skipping
Shader 'Universal Render Pipeline/Particles/Lit': fallback shader 'Universal Render Pipeline/Particles/SimpleLit' not found
Refreshing native plugins compatible for Editor in 1.14 ms, found 3 plugins.
Preloading 0 native plugins for Editor in 0.00 ms.
Unloading 3383 Unused Serialized files (Serialized files now loaded: 0)
System memory in use before: 241.3 MB.
System memory in use after: 241.5 MB.

Unloading 22 unused Assets to reduce memory usage. Loaded Objects now: 4044.
Total: 4.517000 ms (FindLiveObjects: 0.499000 ms CreateObjectMapping: 0.294800 ms MarkObjects: 3.550100 ms  DeleteObjects: 0.171700 ms)

========================================================================
Received Prepare
Registering precompiled user dll's ...
Registered in 0.010191 seconds.
Begin MonoManager ReloadAssembly
Native extension for WindowsStandalone target not found
Refreshing native plugins compatible for Editor in 0.68 ms, found 3 plugins.
Preloading 0 native plugins for Editor in 0.00 ms.
Mono: successfully reloaded assembly
- Completed reload, in  1.330 seconds
Platform modules already initialized, skipping
Shader 'Universal Render Pipeline/Particles/Lit': fallback shader 'Universal Render Pipeline/Particles/SimpleLit' not found
Refreshing native plugins compatible for Editor in 1.00 ms, found 3 plugins.
Preloading 0 native plugins for Editor in 0.00 ms.
Unloading 3383 Unused Serialized files (Serialized files now loaded: 0)
System memory in use before: 241.4 MB.
System memory in use after: 241.5 MB.

Unloading 22 unused Assets to reduce memory usage. Loaded Objects now: 4048.
Total: 6.008000 ms (FindLiveObjects: 0.813100 ms CreateObjectMapping: 0.599800 ms MarkObjects: 4.395300 ms  DeleteObjects: 0.197800 ms)

========================================================================
Received Prepare
Registering precompiled user dll's ...
Registered in 0.010131 seconds.
Begin MonoManager ReloadAssembly
Native extension for WindowsStandalone target not found
Refreshing native plugins compatible for Editor in 0.71 ms, found 3 plugins.
Preloading 0 native plugins for Editor in 0.00 ms.
Mono: successfully reloaded assembly
- Completed reload, in  1.311 seconds
Platform modules already initialized, skipping
Shader 'Universal Render Pipeline/Particles/Lit': fallback shader 'Universal Render Pipeline/Particles/SimpleLit' not found
Refreshing native plugins compatible for Editor in 1.47 ms, found 3 plugins.
Preloading 0 native plugins for Editor in 0.00 ms.
Unloading 3383 Unused Serialized files (Serialized files now loaded: 0)
System memory in use before: 241.4 MB.
System memory in use after: 241.5 MB.

Unloading 22 unused Assets to reduce memory usage. Loaded Objects now: 4052.
Total: 3.820900 ms (FindLiveObjects: 0.514100 ms CreateObjectMapping: 0.263700 ms MarkObjects: 2.895500 ms  DeleteObjects: 0.146400 ms)

========================================================================
Received Prepare
Registering precompiled user dll's ...
Registered in 0.031289 seconds.
Begin MonoManager ReloadAssembly
Native extension for WindowsStandalone target not found
Refreshing native plugins compatible for Editor in 0.64 ms, found 3 plugins.
Preloading 0 native plugins for Editor in 0.00 ms.
Mono: successfully reloaded assembly
- Completed reload, in  1.420 seconds
Platform modules already initialized, skipping
Shader 'Universal Render Pipeline/Particles/Lit': fallback shader 'Universal Render Pipeline/Particles/SimpleLit' not found
Refreshing native plugins compatible for Editor in 0.82 ms, found 3 plugins.
Preloading 0 native plugins for Editor in 0.00 ms.
Unloading 3383 Unused Serialized files (Serialized files now loaded: 0)
System memory in use before: 241.4 MB.
System memory in use after: 241.5 MB.

Unloading 22 unused Assets to reduce memory usage. Loaded Objects now: 4056.
Total: 3.468900 ms (FindLiveObjects: 0.337800 ms CreateObjectMapping: 0.192400 ms MarkObjects: 2.646100 ms  DeleteObjects: 0.291000 ms)

========================================================================
Received Prepare
Registering precompiled user dll's ...
Registered in 0.012649 seconds.
Begin MonoManager ReloadAssembly
Native extension for WindowsStandalone target not found
Refreshing native plugins compatible for Editor in 1.10 ms, found 3 plugins.
Preloading 0 native plugins for Editor in 0.00 ms.
Mono: successfully reloaded assembly
- Completed reload, in  1.287 seconds
Platform modules already initialized, skipping
Shader 'Universal Render Pipeline/Particles/Lit': fallback shader 'Universal Render Pipeline/Particles/SimpleLit' not found
Refreshing native plugins compatible for Editor in 0.66 ms, found 3 plugins.
Preloading 0 native plugins for Editor in 0.00 ms.
Unloading 3383 Unused Serialized files (Serialized files now loaded: 0)
System memory in use before: 241.4 MB.
System memory in use after: 241.5 MB.

Unloading 22 unused Assets to reduce memory usage. Loaded Objects now: 4060.
Total: 3.244700 ms (FindLiveObjects: 0.388500 ms CreateObjectMapping: 0.178100 ms MarkObjects: 2.551800 ms  DeleteObjects: 0.125100 ms)

========================================================================
Received Prepare
Registering precompiled user dll's ...
Registered in 0.010613 seconds.
Begin MonoManager ReloadAssembly
Native extension for WindowsStandalone target not found
Refreshing native plugins compatible for Editor in 0.65 ms, found 3 plugins.
Preloading 0 native plugins for Editor in 0.00 ms.
Mono: successfully reloaded assembly
- Completed reload, in  1.301 seconds
Platform modules already initialized, skipping
Shader 'Universal Render Pipeline/Particles/Lit': fallback shader 'Universal Render Pipeline/Particles/SimpleLit' not found
Refreshing native plugins compatible for Editor in 0.65 ms, found 3 plugins.
Preloading 0 native plugins for Editor in 0.00 ms.
Unloading 3383 Unused Serialized files (Serialized files now loaded: 0)
System memory in use before: 241.4 MB.
System memory in use after: 241.5 MB.

Unloading 22 unused Assets to reduce memory usage. Loaded Objects now: 4064.
Total: 3.554400 ms (FindLiveObjects: 0.493100 ms CreateObjectMapping: 0.212000 ms MarkObjects: 2.678300 ms  DeleteObjects: 0.169200 ms)

AssetImportWorkerClient::OnTransportError - code=2 error=End of file
